0 info it worked if it ends with ok
1 verbose cli [ 'C:\\Program Files\\nodejs\\node.exe',
1 verbose cli   'C:\\Program Files\\nodejs\\node_modules\\npm\\bin\\npm-cli.js',
1 verbose cli   'install',
1 verbose cli   '-g',
1 verbose cli   'generator-angular' ]
2 info using npm@2.15.1
3 info using node@v4.4.4
4 verbose install initial load of C:\Users\os-huzp\AppData\Roaming\npm\package.json
5 verbose readDependencies loading dependencies from C:\Users\os-huzp\AppData\Roaming\npm\package.json
6 silly cache add args [ 'generator-angular', null ]
7 verbose cache add spec generator-angular
8 silly cache add parsed spec Result {
8 silly cache add   raw: 'generator-angular',
8 silly cache add   scope: null,
8 silly cache add   name: 'generator-angular',
8 silly cache add   rawSpec: '',
8 silly cache add   spec: 'latest',
8 silly cache add   type: 'tag' }
9 silly addNamed generator-angular@latest
10 verbose addNamed "latest" is being treated as a dist-tag for generator-angular
11 info addNameTag [ 'generator-angular', 'latest' ]
12 silly mapToRegistry name generator-angular
13 silly mapToRegistry using default registry
14 silly mapToRegistry registry https://registry.npmjs.org/
15 silly mapToRegistry data Result {
15 silly mapToRegistry   raw: 'generator-angular',
15 silly mapToRegistry   scope: null,
15 silly mapToRegistry   name: 'generator-angular',
15 silly mapToRegistry   rawSpec: '',
15 silly mapToRegistry   spec: 'latest',
15 silly mapToRegistry   type: 'tag' }
16 silly mapToRegistry uri https://registry.npmjs.org/generator-angular
17 verbose addNameTag registry:https://registry.npmjs.org/generator-angular not in flight; fetching
18 verbose request uri https://registry.npmjs.org/generator-angular
19 verbose request no auth needed
20 info attempt registry request try #1 at 12:19:03
21 verbose request id bd5568d7947fe5bf
22 http request GET https://registry.npmjs.org/generator-angular
23 info retry will retry, error on last attempt: Error: read ECONNRESET
24 info attempt registry request try #2 at 12:19:13
25 http request GET https://registry.npmjs.org/generator-angular
26 info retry will retry, error on last attempt: Error: read ECONNRESET
27 info attempt registry request try #3 at 12:20:16
28 http request GET https://registry.npmjs.org/generator-angular
29 verbose stack Error: read ECONNRESET
29 verbose stack     at exports._errnoException (util.js:870:11)
29 verbose stack     at TLSWrap.onread (net.js:552:26)
30 verbose cwd D:\project\gruntDemo
31 error Windows_NT 6.1.7601
32 error argv "C:\\Program Files\\nodejs\\node.exe" "C:\\Program Files\\nodejs\\node_modules\\npm\\bin\\npm-cli.js" "install" "-g" "generator-angular"
33 error node v4.4.4
34 error npm  v2.15.1
35 error code ECONNRESET
36 error errno ECONNRESET
37 error syscall read
38 error network read ECONNRESET
38 error network This is most likely not a problem with npm itself
38 error network and is related to network connectivity.
38 error network In most cases you are behind a proxy or have bad network settings.
38 error network
38 error network If you are behind a proxy, please make sure that the
38 error network 'proxy' config is set properly.  See: 'npm help config'
39 verbose exit [ 1, true ]
